This is LuaHBTeX, Version 1.18.1 (MiKTeX 24.4) (format=lualatex 2025.3.25)  26 MAR 2025 23:54
 system commands enabled.
**index.tex
(./index.tex
LaTeX2e <2024-11-01> patch level 2
L3 programming layer <2025-01-18>
Lua module: luaotfload 2024-02-14 v3.28 Lua based OpenType font support
Lua module: lualibs 2023-07-13 v2.76 ConTeXt Lua standard libraries.
Lua module: lualibs-extended 2023-07-13 v2.76 ConTeXt Lua libraries -- extended 
collection.
luaotfload | conf : Root cache directory is "C:/Users/DELL/AppData/Local/MiKTeX/
luatex-cache/generic/names".
luaotfload | init : Loading fontloader "fontloader-2023-12-28.lua" from kpse-res
olved path "C:/Users/DELL/AppData/Local/Programs/MiKTeX/tex/luatex/luaotfload/fo
ntloader-2023-12-28.lua".
Lua-only attribute luaotfload@noligature = 1
luaotfload | init : Context OpenType loader version 3.134
Inserting `luaotfload.node_processor' in `pre_linebreak_filter'.
Inserting `luaotfload.node_processor' in `hpack_filter'.
Inserting `luaotfload.glyph_stream' in `glyph_stream_provider'.
Inserting `luaotfload.define_font' in `define_font'.
Lua-only attribute luaotfload_color_attribute = 2
luaotfload | conf : Root cache directory is "C:/Users/DELL/AppData/Local/MiKTeX/
luatex-cache/generic/names".
Inserting `luaotfload.harf.strip_prefix' in `find_opentype_file'.
Inserting `luaotfload.harf.strip_prefix' in `find_truetype_file'.
Removing  `luaotfload.glyph_stream' from `glyph_stream_provider'.
Inserting `luaotfload.harf.glyphstream' in `glyph_stream_provider'.
Inserting `luaotfload.harf.finalize_vlist' in `post_linebreak_filter'.
Inserting `luaotfload.harf.finalize_hlist' in `hpack_filter'.
Inserting `luaotfload.cleanup_files' in `wrapup_run'.
Inserting `luaotfload.harf.finalize_unicode' in `finish_pdffile'.
Inserting `luaotfload.glyphinfo' in `glyph_info'.
Lua-only attribute luaotfload.letterspace_done = 3
Inserting `luaotfload.aux.set_sscale_dimens' in `luaotfload.patch_font'.
Inserting `luaotfload.aux.set_font_index' in `luaotfload.patch_font'.
Inserting `luaotfload.aux.patch_cambria_domh' in `luaotfload.patch_font'.
Inserting `luaotfload.aux.fixup_fontdata' in `luaotfload.patch_font_unsafe'.
Inserting `luaotfload.aux.set_capheight' in `luaotfload.patch_font'.
Inserting `luaotfload.aux.set_xheight' in `luaotfload.patch_font'.
Inserting `luaotfload.rewrite_fontname' in `luaotfload.patch_font'.
Inserting `tracingstacklevels' in `input_level_string'.
(C:/Users/DELL/AppData/Local/Programs/MiKTeX/tex/latex/koma-script/scrartcl.cls
Document Class: scrartcl 2024/10/24 v3.43 KOMA-Script document class (article)

(C:/Users/DELL/AppData/Local/Programs/MiKTeX/tex/latex/koma-script/scrkbase.sty
Package: scrkbase 2024/10/24 v3.43 KOMA-Script package (KOMA-Script-dependent b
asics and keyval usage)
(C:/Users/DELL/AppData/Local/Programs/MiKTeX/tex/latex/koma-script/scrbase.sty
Package: scrbase 2024/10/24 v3.43 KOMA-Script package (KOMA-Script-independent 
basics and keyval usage)

(C:/Users/DELL/AppData/Local/Programs/MiKTeX/tex/latex/koma-script/scrlfile.sty
Package: scrlfile 2024/10/24 v3.43 KOMA-Script package (file load hooks)

(C:/Users/DELL/AppData/Local/Programs/MiKTeX/tex/latex/koma-script/scrlfile-hoo
k.sty
Package: scrlfile-hook 2024/10/24 v3.43 KOMA-Script package (using LaTeX hooks)

(C:/Users/DELL/AppData/Local/Programs/MiKTeX/tex/latex/koma-script/scrlogo.sty
Package: scrlogo 2024/10/24 v3.43 KOMA-Script package (logo)
))) (C:/Users/DELL/AppData/Local/Programs/MiKTeX/tex/latex/graphics/keyval.sty
Package: keyval 2022/05/29 v1.15 key=value parser (DPC)
\KV@toks@=\toks17
)
Applying: [2021/05/01] Usage of raw or classic option list on input line 254.
Already applied: [0000/00/00] Usage of raw or classic option list on input line
 370.
))
(C:/Users/DELL/AppData/Local/Programs/MiKTeX/tex/latex/koma-script/tocbasic.sty
Package: tocbasic 2024/10/24 v3.43 KOMA-Script package (handling toc-files)
\scr@dte@tocline@numberwidth=\skip49
\scr@dte@tocline@numbox=\box52
)
Package tocbasic Info: omitting babel extension for `toc'
(tocbasic)             because of feature `nobabel' available
(tocbasic)             for `toc' on input line 135.
Class scrartcl Info: File `scrsize11pt.clo' used instead of
(scrartcl)           file `scrsize11.clo' to setup font sizes on input line 246
6.

(C:/Users/DELL/AppData/Local/Programs/MiKTeX/tex/latex/koma-script/scrsize11pt.
clo
File: scrsize11pt.clo 2024/10/24 v3.43 KOMA-Script font size class option (11pt
)
luaotfload | db : Font names database loaded from C:/Users/DELL/AppData/Local/Mi
KTeX/luatex-cache/generic/names/luaotfload-names.luc.gz)
(C:/Users/DELL/AppData/Local/Programs/MiKTeX/tex/latex/koma-script/typearea.sty
Package: typearea 2024/10/24 v3.43 KOMA-Script package (type area)
\ta@bcor=\skip50
\ta@div=\count194
Package typearea Info: You've used standard option `letterpaper'.
(typearea)             This is correct!
(typearea)             Internally I'm using `paper=letter'.
(typearea)             If you'd like to set the option with \KOMAoptions,
(typearea)             you'd have to use `paper=letter' there
(typearea)             instead of `letterpaper', too.
\ta@hblk=\skip51
\ta@vblk=\skip52
\ta@temp=\skip53
\footheight=\skip54
Package typearea Info: These are the values describing the layout:
(typearea)             DIV  = 11
(typearea)             BCOR = 0.0pt
(typearea)             \paperwidth      = 614.295pt
(typearea)              \textwidth      = 446.76004pt
(typearea)              DIV departure   = -14%
(typearea)              \evensidemargin = 11.49748pt
(typearea)              \oddsidemargin  = 11.49748pt
(typearea)             \paperheight     = 794.96999pt
(typearea)              \textheight     = 582.20026pt
(typearea)              \topmargin      = -37.40001pt
(typearea)              \headheight     = 17.0pt
(typearea)              \headsep        = 20.40001pt
(typearea)              \topskip        = 11.0pt
(typearea)              \footskip       = 47.6pt
(typearea)              \baselineskip   = 13.6pt
(typearea)              on input line 1802.
)
\c@part=\count195
\c@section=\count196
\c@subsection=\count197
\c@subsubsection=\count198
\c@paragraph=\count199
\c@subparagraph=\count266
\scr@dte@section@maxnumwidth=\skip55
Class scrartcl Info: using compatibility default `runin=bysign'
(scrartcl)           for `\section on input line 5107.
Class scrartcl Info: using compatibility default `afterindent=bysign'
(scrartcl)           for `\section on input line 5107.
\scr@dte@part@maxnumwidth=\skip56
Class scrartcl Info: using compatibility default `afterindent=false'
(scrartcl)           for `\part on input line 5115.
\scr@dte@subsection@maxnumwidth=\skip57
Class scrartcl Info: using compatibility default `runin=bysign'
(scrartcl)           for `\subsection on input line 5125.
Class scrartcl Info: using compatibility default `afterindent=bysign'
(scrartcl)           for `\subsection on input line 5125.
\scr@dte@subsubsection@maxnumwidth=\skip58
Class scrartcl Info: using compatibility default `runin=bysign'
(scrartcl)           for `\subsubsection on input line 5135.
Class scrartcl Info: using compatibility default `afterindent=bysign'
(scrartcl)           for `\subsubsection on input line 5135.
\scr@dte@paragraph@maxnumwidth=\skip59
Class scrartcl Info: using compatibility default `runin=bysign'
(scrartcl)           for `\paragraph on input line 5146.
Class scrartcl Info: using compatibility default `afterindent=bysign'
(scrartcl)           for `\paragraph on input line 5146.
\scr@dte@subparagraph@maxnumwidth=\skip60
Class scrartcl Info: using compatibility default `runin=bysign'
(scrartcl)           for `\subparagraph on input line 5156.
Class scrartcl Info: using compatibility default `afterindent=bysign'
(scrartcl)           for `\subparagraph on input line 5156.
\abovecaptionskip=\skip61
\belowcaptionskip=\skip62
\c@pti@nb@sid@b@x=\box53
Package tocbasic Info: omitting babel extension for `lof'
(tocbasic)             because of feature `nobabel' available
(tocbasic)             for `lof' on input line 6337.
\scr@dte@figure@maxnumwidth=\skip63
\c@figure=\count267
Package tocbasic Info: omitting babel extension for `lot'
(tocbasic)             because of feature `nobabel' available
(tocbasic)             for `lot' on input line 6353.
\scr@dte@table@maxnumwidth=\skip64
\c@table=\count268
Class scrartcl Info: Redefining `\numberline' on input line 6523.
\bibindent=\dimen140
) (C:/Users/DELL/AppData/Local/Programs/MiKTeX/tex/latex/amsmath/amsmath.sty
Package: amsmath 2024/11/05 v2.17t AMS math features
\@mathmargin=\skip65
For additional information on amsmath, use the `?' option.
(C:/Users/DELL/AppData/Local/Programs/MiKTeX/tex/latex/amsmath/amstext.sty
Package: amstext 2021/08/26 v2.01 AMS text
(C:/Users/DELL/AppData/Local/Programs/MiKTeX/tex/latex/amsmath/amsgen.sty
File: amsgen.sty 1999/11/30 v2.0 generic functions
\@emptytoks=\toks18
\ex@=\dimen141
)) (C:/Users/DELL/AppData/Local/Programs/MiKTeX/tex/latex/amsmath/amsbsy.sty
Package: amsbsy 1999/11/29 v1.2d Bold Symbols
\pmbraise@=\dimen142
) (C:/Users/DELL/AppData/Local/Programs/MiKTeX/tex/latex/amsmath/amsopn.sty
Package: amsopn 2022/04/08 v2.04 operator names
)
\inf@bad=\count269
LaTeX Info: Redefining \frac on input line 235.
\uproot@=\count270
\leftroot@=\count271
LaTeX Info: Redefining \overline on input line 398.
LaTeX Info: Redefining \colon on input line 409.
\classnum@=\count272
\DOTSCASE@=\count273
LaTeX Info: Redefining \ldots on input line 495.
LaTeX Info: Redefining \dots on input line 498.
LaTeX Info: Redefining \cdots on input line 619.
\Mathstrutbox@=\box54
\strutbox@=\box55
LaTeX Info: Redefining \big on input line 721.
LaTeX Info: Redefining \Big on input line 722.
LaTeX Info: Redefining \bigg on input line 723.
LaTeX Info: Redefining \Bigg on input line 724.
\big@size=\dimen143
LaTeX Font Info:    Redeclaring font encoding OML on input line 742.
LaTeX Font Info:    Redeclaring font encoding OMS on input line 743.
\macc@depth=\count274
LaTeX Info: Redefining \bmod on input line 904.
LaTeX Info: Redefining \pmod on input line 909.
LaTeX Info: Redefining \smash on input line 939.
LaTeX Info: Redefining \relbar on input line 969.
LaTeX Info: Redefining \Relbar on input line 970.
\c@MaxMatrixCols=\count275
\dotsspace@=\muskip17
\c@parentequation=\count276
\dspbrk@lvl=\count277
\tag@help=\toks19
\row@=\count278
\column@=\count279
\maxfields@=\count280
\andhelp@=\toks20
\eqnshift@=\dimen144
\alignsep@=\dimen145
\tagshift@=\dimen146
\tagwidth@=\dimen147
\totwidth@=\dimen148
\lineht@=\dimen149
\@envbody=\toks21
\multlinegap=\skip66
\multlinetaggap=\skip67
\mathdisplay@stack=\toks22
LaTeX Info: Redefining \[ on input line 2953.
LaTeX Info: Redefining \] on input line 2954.
) (C:/Users/DELL/AppData/Local/Programs/MiKTeX/tex/latex/amsfonts/amssymb.sty
Package: amssymb 2013/01/14 v3.01 AMS font symbols
(C:/Users/DELL/AppData/Local/Programs/MiKTeX/tex/latex/amsfonts/amsfonts.sty
Package: amsfonts 2013/01/14 v3.01 Basic AMSFonts support
\symAMSa=\mathgroup4
\symAMSb=\mathgroup5
LaTeX Font Info:    Redeclaring math symbol \hbar on input line 98.
LaTeX Font Info:    Overwriting math alphabet `\mathfrak' in version `bold'
(Font)                  U/euf/m/n --> U/euf/b/n on input line 106.
)) (C:/Users/DELL/AppData/Local/Programs/MiKTeX/tex/generic/iftex/iftex.sty
Package: iftex 2024/12/12 v1.0g TeX engine tests
)
(C:/Users/DELL/AppData/Local/Programs/MiKTeX/tex/latex/unicode-math/unicode-mat
h.sty (C:/Users/DELL/AppData/Local/Programs/MiKTeX/tex/latex/l3kernel/expl3.sty
Package: expl3 2025-01-18 L3 programming layer (loader) 

(C:/Users/DELL/AppData/Local/Programs/MiKTeX/tex/latex/l3backend/l3backend-luat
ex.def
File: l3backend-luatex.def 2024-05-08 L3 backend support: PDF output (LuaTeX)
\l__color_backend_stack_int=\count281
Inserting `l3color' in `luaotfload.parse_color'.
\l__pdf_internal_box=\box56
))
Package: unicode-math 2023/08/13 v0.8r Unicode maths in XeLaTeX and LuaLaTeX

(C:/Users/DELL/AppData/Local/Programs/MiKTeX/tex/latex/unicode-math/unicode-mat
h-luatex.sty
Package: unicode-math-luatex 2023/08/13 v0.8r Unicode maths in XeLaTeX and LuaL
aTeX

(C:/Users/DELL/AppData/Local/Programs/MiKTeX/tex/latex/l3packages/xparse/xparse
.sty
Package: xparse 2024-08-16 L3 Experimental document command parser
)
(C:/Users/DELL/AppData/Local/Programs/MiKTeX/tex/latex/l3packages/l3keys2e/l3ke
ys2e.sty
Package: l3keys2e 2024-08-16 LaTeX2e option processing using LaTeX3 keys
) (C:/Users/DELL/AppData/Local/Programs/MiKTeX/tex/latex/fontspec/fontspec.sty
Package: fontspec 2024/05/11 v2.9e Font selection for XeLaTeX and LuaLaTeX
Lua module: fontspec 2024/05/11 v2.9e Font selection for XeLaTeX and LuaLaTeX
(C:/Users/DELL/AppData/Local/Programs/MiKTeX/tex/latex/fontspec/fontspec-luatex
.sty
Package: fontspec-luatex 2024/05/11 v2.9e Font selection for XeLaTeX and LuaLaT
eX
\l__fontspec_script_int=\count282
\l__fontspec_language_int=\count283
\l__fontspec_strnum_int=\count284
\l__fontspec_tmp_int=\count285
\l__fontspec_tmpa_int=\count286
\l__fontspec_tmpb_int=\count287
\l__fontspec_tmpc_int=\count288
\l__fontspec_em_int=\count289
\l__fontspec_emdef_int=\count290
\l__fontspec_strong_int=\count291
\l__fontspec_strongdef_int=\count292
\l__fontspec_tmpa_dim=\dimen150
\l__fontspec_tmpb_dim=\dimen151
\l__fontspec_tmpc_dim=\dimen152
(C:/Users/DELL/AppData/Local/Programs/MiKTeX/tex/latex/base/fontenc.sty
Package: fontenc 2021/04/29 v2.0v Standard LaTeX package
) (C:/Users/DELL/AppData/Local/Programs/MiKTeX/tex/latex/fontspec/fontspec.cfg))
) (C:/Users/DELL/AppData/Local/Programs/MiKTeX/tex/latex/base/fix-cm.sty
Package: fix-cm 2020/11/24 v1.1t fixes to LaTeX
(C:/Users/DELL/AppData/Local/Programs/MiKTeX/tex/latex/base/ts1enc.def
File: ts1enc.def 2001/06/05 v3.0e (jk/car/fm) Standard LaTeX file
LaTeX Font Info:    Redeclaring font encoding TS1 on input line 47.
))
(C:/Users/DELL/AppData/Local/Programs/MiKTeX/tex/lualatex/lualatex-math/lualate
x-math.sty
Package: lualatex-math 2022/01/01 v1.12 Patches for mathematics typesetting wit
h LuaLaTeX
(C:/Users/DELL/AppData/Local/Programs/MiKTeX/tex/latex/etoolbox/etoolbox.sty
Package: etoolbox 2025/02/11 v2.5l e-TeX tools for LaTeX (JAW)
\etb@tempcnta=\count293
)
Lua module: lualatex-math 2013/08/03 v1.3 Patches for mathematics typesetting wi
th LuaLaTeX)
\g__um_fam_int=\count294
\g__um_fonts_used_int=\count295
\l__um_primecount_int=\count296
\g__um_primekern_muskip=\muskip18

(C:/Users/DELL/AppData/Local/Programs/MiKTeX/tex/latex/unicode-math/unicode-mat
h-table.tex))) (C:/Users/DELL/AppData/Local/Programs/MiKTeX/tex/latex/lm/lmoder
n.sty
Package: lmodern 2015/05/01 v1.6.1 Latin Modern Fonts
LaTeX Font Info:    Overwriting symbol font `operators' in version `normal'
(Font)                  OT1/cmr/m/n --> OT1/lmr/m/n on input line 22.
LaTeX Font Info:    Overwriting symbol font `letters' in version `normal'
(Font)                  OML/cmm/m/it --> OML/lmm/m/it on input line 23.
LaTeX Font Info:    Overwriting symbol font `symbols' in version `normal'
(Font)                  OMS/cmsy/m/n --> OMS/lmsy/m/n on input line 24.
LaTeX Font Info:    Overwriting symbol font `largesymbols' in version `normal'
(Font)                  OMX/cmex/m/n --> OMX/lmex/m/n on input line 25.
LaTeX Font Info:    Overwriting symbol font `operators' in version `bold'
(Font)                  OT1/cmr/bx/n --> OT1/lmr/bx/n on input line 26.
LaTeX Font Info:    Overwriting symbol font `letters' in version `bold'
(Font)                  OML/cmm/b/it --> OML/lmm/b/it on input line 27.
LaTeX Font Info:    Overwriting symbol font `symbols' in version `bold'
(Font)                  OMS/cmsy/b/n --> OMS/lmsy/b/n on input line 28.
LaTeX Font Info:    Overwriting symbol font `largesymbols' in version `bold'
(Font)                  OMX/cmex/m/n --> OMX/lmex/m/n on input line 29.
LaTeX Font Info:    Overwriting math alphabet `\mathbf' in version `normal'
(Font)                  OT1/cmr/bx/n --> OT1/lmr/bx/n on input line 31.
LaTeX Font Info:    Overwriting math alphabet `\mathsf' in version `normal'
(Font)                  OT1/cmss/m/n --> OT1/lmss/m/n on input line 32.
LaTeX Font Info:    Overwriting math alphabet `\mathit' in version `normal'
(Font)                  OT1/cmr/m/it --> OT1/lmr/m/it on input line 33.
LaTeX Font Info:    Overwriting math alphabet `\mathtt' in version `normal'
(Font)                  OT1/cmtt/m/n --> OT1/lmtt/m/n on input line 34.
LaTeX Font Info:    Overwriting math alphabet `\mathbf' in version `bold'
(Font)                  OT1/cmr/bx/n --> OT1/lmr/bx/n on input line 35.
LaTeX Font Info:    Overwriting math alphabet `\mathsf' in version `bold'
(Font)                  OT1/cmss/bx/n --> OT1/lmss/bx/n on input line 36.
LaTeX Font Info:    Overwriting math alphabet `\mathit' in version `bold'
(Font)                  OT1/cmr/bx/it --> OT1/lmr/bx/it on input line 37.
LaTeX Font Info:    Overwriting math alphabet `\mathtt' in version `bold'
(Font)                  OT1/cmtt/m/n --> OT1/lmtt/m/n on input line 38.
) (C:/Users/DELL/AppData/Local/Programs/MiKTeX/tex/latex/upquote/upquote.sty
Package: upquote 2012/04/19 v1.3 upright-quote and grave-accent glyphs in verba
tim
(C:/Users/DELL/AppData/Local/Programs/MiKTeX/tex/latex/base/textcomp.sty
Package: textcomp 2024/04/24 v2.1b Standard LaTeX package
)) (C:/Users/DELL/AppData/Local/Programs/MiKTeX/tex/latex/microtype/microtype.s
ty
Package: microtype 2025/02/11 v3.2a Micro-typographical refinements (RS)
\MT@toks=\toks23
\MT@tempbox=\box57
\MT@count=\count297
LaTeX Info: Redefining \noprotrusionifhmode on input line 1087.
LaTeX Info: Redefining \leftprotrusion on input line 1088.
\MT@prot@toks=\toks24
LaTeX Info: Redefining \rightprotrusion on input line 1107.
LaTeX Info: Redefining \textls on input line 1449.
\MT@outer@kern=\dimen153
LaTeX Info: Redefining \microtypecontext on input line 2053.
LaTeX Info: Redefining \textmicrotypecontext on input line 2070.
\MT@listname@count=\count298

(C:/Users/DELL/AppData/Local/Programs/MiKTeX/tex/latex/microtype/microtype-luat
ex.def
File: microtype-luatex.def 2025/02/11 v3.2a Definitions specific to luatex (RS)

Lua module: microtype 2025/02/11 v3.2a microtype module.
Module microtype Info: overwriting function `keepligature' on input line 63
LaTeX Info: Redefining \lsstyle on input line 779.
LaTeX Info: Redefining \lslig on input line 779.
\MT@outer@space=\skip68
)
Package microtype Info: Loading configuration file microtype.cfg.
(C:/Users/DELL/AppData/Local/Programs/MiKTeX/tex/latex/microtype/microtype.cfg
File: microtype.cfg 2025/02/11 v3.2a microtype main configuration file (RS)
)
LaTeX Info: Redefining \microtypesetup on input line 3065.
) (C:/Users/DELL/AppData/Local/Programs/MiKTeX/tex/latex/xcolor/xcolor.sty
Package: xcolor 2024/09/29 v3.02 LaTeX color extensions (UK)
(C:/Users/DELL/AppData/Local/Programs/MiKTeX/tex/latex/graphics-cfg/color.cfg
File: color.cfg 2016/01/02 v1.6 sample color configuration
)
Package xcolor Info: Driver file: luatex.def on input line 274.
(C:/Users/DELL/AppData/Local/Programs/MiKTeX/tex/latex/graphics-def/luatex.def
File: luatex.def 2024/04/13 v1.2e Graphics/color driver for luatex
) (C:/Users/DELL/AppData/Local/Programs/MiKTeX/tex/latex/graphics/mathcolor.ltx
)
Package xcolor Info: Model `cmy' substituted by `cmy0' on input line 1349.
Package xcolor Info: Model `hsb' substituted by `rgb' on input line 1353.
Package xcolor Info: Model `RGB' extended on input line 1365.
Package xcolor Info: Model `HTML' substituted by `rgb' on input line 1367.
Package xcolor Info: Model `Hsb' substituted by `hsb' on input line 1368.
Package xcolor Info: Model `tHsb' substituted by `hsb' on input line 1369.
Package xcolor Info: Model `HSB' substituted by `hsb' on input line 1370.
Package xcolor Info: Model `Gray' substituted by `gray' on input line 1371.
Package xcolor Info: Model `wave' substituted by `hsb' on input line 1372.
) (C:/Users/DELL/AppData/Local/Programs/MiKTeX/tex/latex/graphics/dvipsnam.def
File: dvipsnam.def 2016/06/17 v3.0m Driver-dependent file (DPC,SPQR)
) (C:/Users/DELL/AppData/Local/Programs/MiKTeX/tex/latex/xcolor/svgnam.def
File: svgnam.def 2024/09/29 v3.02 Predefined colors according to SVG 1.1 (UK)
) (C:/Users/DELL/AppData/Local/Programs/MiKTeX/tex/latex/xcolor/x11nam.def
File: x11nam.def 2024/09/29 v3.02 Predefined colors according to Unix/X11 (UK)
) (C:/Users/DELL/AppData/Local/Programs/MiKTeX/tex/latex/tools/longtable.sty
Package: longtable 2024-10-27 v4.22 Multi-page Table package (DPC)
\LTleft=\skip69
\LTright=\skip70
\LTpre=\skip71
\LTpost=\skip72
\LTchunksize=\count299
\LTcapwidth=\dimen154
\LT@head=\box58
\LT@firsthead=\box59
\LT@foot=\box60
\LT@lastfoot=\box61
\LT@gbox=\box62
\LT@cols=\count300
\LT@rows=\count301
\c@LT@tables=\count302
\c@LT@chunks=\count303
\LT@p@ftn=\toks25
)
Class scrartcl Info: longtable captions redefined on input line 72.
(C:/Users/DELL/AppData/Local/Programs/MiKTeX/tex/latex/booktabs/booktabs.sty
Package: booktabs 2020/01/12 v1.61803398 Publication quality tables
\heavyrulewidth=\dimen155
\lightrulewidth=\dimen156
\cmidrulewidth=\dimen157
\belowrulesep=\dimen158
\belowbottomsep=\dimen159
\aboverulesep=\dimen160
\abovetopsep=\dimen161
\cmidrulesep=\dimen162
\cmidrulekern=\dimen163
\defaultaddspace=\dimen164
\@cmidla=\count304
\@cmidlb=\count305
\@aboverulesep=\dimen165
\@belowrulesep=\dimen166
\@thisruleclass=\count306
\@lastruleclass=\count307
\@thisrulewidth=\dimen167
) (C:/Users/DELL/AppData/Local/Programs/MiKTeX/tex/latex/tools/array.sty
Package: array 2024/10/17 v2.6g Tabular extension package (FMi)
\col@sep=\dimen168
\ar@mcellbox=\box63
\extrarowheight=\dimen169
\NC@list=\toks26
\extratabsurround=\skip73
\backup@length=\skip74
\ar@cellbox=\box64
) (C:/Users/DELL/AppData/Local/Programs/MiKTeX/tex/latex/tools/calc.sty
Package: calc 2023/07/08 v4.3 Infix arithmetic (KKT,FJ)
\calc@Acount=\count308
\calc@Bcount=\count309
\calc@Adimen=\dimen170
\calc@Bdimen=\dimen171
\calc@Askip=\skip75
\calc@Bskip=\skip76
LaTeX Info: Redefining \setlength on input line 80.
LaTeX Info: Redefining \addtolength on input line 81.
\calc@Ccount=\count310
\calc@Cskip=\skip77
)
(C:/Users/DELL/AppData/Local/Programs/MiKTeX/tex/latex/footnotehyper/footnotehy
per.sty
Package: footnotehyper 2021/08/13 v1.1e hyperref aware footnote.sty (JFB)
\FNH@notes=\box65
\FNH@width=\dimen172
\FNH@toks=\toks27
) (C:/Users/DELL/AppData/Local/Programs/MiKTeX/tex/latex/graphics/graphicx.sty
Package: graphicx 2021/09/16 v1.2d Enhanced LaTeX Graphics (DPC,SPQR)
(C:/Users/DELL/AppData/Local/Programs/MiKTeX/tex/latex/graphics/graphics.sty
Package: graphics 2024/08/06 v1.4g Standard LaTeX Graphics (DPC,SPQR)
(C:/Users/DELL/AppData/Local/Programs/MiKTeX/tex/latex/graphics/trig.sty
Package: trig 2023/12/02 v1.11 sin cos tan (DPC)
)
(C:/Users/DELL/AppData/Local/Programs/MiKTeX/tex/latex/graphics-cfg/graphics.cf
g
File: graphics.cfg 2016/06/04 v1.11 sample graphics configuration
)
Package graphics Info: Driver file: luatex.def on input line 106.
)
\Gin@req@height=\dimen173
\Gin@req@width=\dimen174
)
\pandoc@box=\box66

Package fontspec Info: 
(fontspec)             STIXTwoText-Regular scale = 0.9112024393477395.


Package fontspec Info: 
(fontspec)             STIXTwoText-Regular scale = 1.


Package fontspec Info: 
(fontspec)             STIXTwoText-Semibold scale = 0.9112024393477395.


Package fontspec Info: 
(fontspec)             STIXTwoText-Semibold scale = 1.


Package fontspec Info: 
(fontspec)             STIXTwoText-Semibold scale = 0.9112024393477395.


Package fontspec Info: 
(fontspec)             STIXTwoText-Semibold scale = 1.


Package fontspec Info: 
(fontspec)             STIXTwoText-SemiboldItalic scale = 0.9150737132358379.


Package fontspec Info: 
(fontspec)             STIXTwoText-SemiboldItalic scale = 1.


Package fontspec Info: 
(fontspec)             STIXTwoText-SemiboldItalic scale = 0.9150737132358379.


Package fontspec Info: 
(fontspec)             STIXTwoText-SemiboldItalic scale = 1.


Package fontspec Info: 
(fontspec)             STIXTwoText-Regular scale = 0.9112024393477395.


Package fontspec Info: 
(fontspec)             STIXTwoText-Regular scale = 1.


Package fontspec Info: 
(fontspec)             STIXTwoText-Regular scale = 0.9112024393477395.


Package fontspec Info: 
(fontspec)             STIXTwoText-Regular scale = 1.


Package fontspec Info: 
(fontspec)             STIXTwoText-Italic scale = 0.9229102823092004.


Package fontspec Info: 
(fontspec)             STIXTwoText-Italic scale = 1.


Package fontspec Info: 
(fontspec)             STIXTwoText-Italic scale = 0.9229102823092004.


Package fontspec Info: 
(fontspec)             STIXTwoText-Italic scale = 1.


Package fontspec Info: 
(fontspec)             STIXTwoText-Bold scale = 0.9112024393477395.


Package fontspec Info: 
(fontspec)             STIXTwoText-Bold scale = 1.


Package fontspec Info: 
(fontspec)             STIXTwoText-Bold scale = 0.9112024393477395.


Package fontspec Info: 
(fontspec)             STIXTwoText-Bold scale = 1.


Package fontspec Info: 
(fontspec)             STIXTwoText-BoldItalic scale = 0.9112024393477395.


Package fontspec Info: 
(fontspec)             STIXTwoText-BoldItalic scale = 1.


Package fontspec Info: 
(fontspec)             STIXTwoText-BoldItalic scale = 0.9112024393477395.


Package fontspec Info: 
(fontspec)             STIXTwoText-BoldItalic scale = 1.


Package fontspec Info: 
(fontspec)             Font family 'STIXTwoText-Regular.otf(0)' created for
(fontspec)             font 'STIXTwoText-Regular.otf' with options
(fontspec)             [Scale=MatchLowercase,Ligatures=TeX,Scale=1,BoldFont =
(fontspec)             STIXTwoText-Bold.otf,ItalicFont =
(fontspec)             STIXTwoText-Italic.otf,BoldItalicFont =
(fontspec)             STIXTwoText-BoldItalic.otf,FontFace =
(fontspec)             {sb}{n}{STIXTwoText-Semibold.otf},FontFace =
(fontspec)             {sb}{it}{STIXTwoText-SemiboldItalic.otf},FontFace =
(fontspec)             {m}{n}{STIXTwoText-Medium.otf},FontFace =
(fontspec)             {m}{it}{STIXTwoText-MediumItalic.otf}].
(fontspec)              
(fontspec)              This font family consists of the following NFSS
(fontspec)             series/shapes:
(fontspec)              
(fontspec)             - (sb/n) with NFSS spec.:
(fontspec)             <->s*[1]"[STIXTwoText-Semibold.otf]:mode=node;script=lat
n;language=dflt;+tlig;"
(fontspec)             -  (sb/sc) with NFSS spec.:
(fontspec)             <->s*[1]"[STIXTwoText-Semibold.otf]:mode=node;script=lat
n;language=dflt;+tlig;+smcp;"
(fontspec)             - (sb/it) with NFSS spec.:
(fontspec)             <->s*[1]"[STIXTwoText-SemiboldItalic.otf]:mode=node;scri
pt=latn;language=dflt;+tlig;"
(fontspec)             -  (sb/scit) with NFSS spec.:
(fontspec)             <->s*[1]"[STIXTwoText-SemiboldItalic.otf]:mode=node;scri
pt=latn;language=dflt;+tlig;+smcp;"
(fontspec)             - 'normal' (m/n) with NFSS spec.:
(fontspec)             <->s*[1]"[STIXTwoText-Regular.otf]:mode=node;script=latn
;language=dflt;+tlig;"
(fontspec)             - 'small caps'  (m/sc) with NFSS spec.:
(fontspec)             <->s*[1]"[STIXTwoText-Regular.otf]:mode=node;script=latn
;language=dflt;+tlig;+smcp;"
(fontspec)             - 'italic' (m/it) with NFSS spec.:
(fontspec)             <->s*[1]"[STIXTwoText-Italic.otf]:mode=node;script=latn;
language=dflt;+tlig;"
(fontspec)             - 'italic small caps'  (m/scit) with NFSS spec.:
(fontspec)             <->s*[1]"[STIXTwoText-Italic.otf]:mode=node;script=latn;
language=dflt;+tlig;+smcp;"
(fontspec)             - 'bold' (b/n) with NFSS spec.:
(fontspec)             <->s*[1]"[STIXTwoText-Bold.otf]:mode=node;script=latn;la
nguage=dflt;+tlig;"
(fontspec)             - 'bold small caps'  (b/sc) with NFSS spec.:
(fontspec)             <->s*[1]"[STIXTwoText-Bold.otf]:mode=node;script=latn;la
nguage=dflt;+tlig;+smcp;"
(fontspec)             - 'bold italic' (b/it) with NFSS spec.:
(fontspec)             <->s*[1]"[STIXTwoText-BoldItalic.otf]:mode=node;script=l
atn;language=dflt;+tlig;"
(fontspec)             - 'bold italic small caps'  (b/scit) with NFSS spec.:
(fontspec)             <->s*[1]"[STIXTwoText-BoldItalic.otf]:mode=node;script=l
atn;language=dflt;+tlig;+smcp;"

LaTeX Font Info:    Font shape `TU/STIXTwoText-Regular.otf(0)/m/n' will be
(Font)              scaled to size 10.95pt on input line 109.

Package fontspec Info: 
(fontspec)             STIXTwoText-Regular scale = 0.9999970539278506.


Package fontspec Info: 
(fontspec)             STIXTwoText-Semibold scale = 0.9999970539278506.


Package fontspec Info: 
(fontspec)             STIXTwoText-Semibold scale = 0.9999970539278506.


Package fontspec Info: 
(fontspec)             STIXTwoText-SemiboldItalic scale = 1.004245574691049.


Package fontspec Info: 
(fontspec)             STIXTwoText-SemiboldItalic scale = 1.004245574691049.


Package fontspec Info: 
(fontspec)             STIXTwoText-Regular scale = 0.9999970539278506.


Package fontspec Info: 
(fontspec)             STIXTwoText-Regular scale = 0.9999970539278506.


Package fontspec Info: 
(fontspec)             STIXTwoText-Italic scale = 1.012845799677139.


Package fontspec Info: 
(fontspec)             STIXTwoText-Italic scale = 1.012845799677139.


Package fontspec Info: 
(fontspec)             STIXTwoText-Bold scale = 0.9999970539278506.


Package fontspec Info: 
(fontspec)             STIXTwoText-Bold scale = 0.9999970539278506.


Package fontspec Info: 
(fontspec)             STIXTwoText-BoldItalic scale = 0.9999970539278506.


Package fontspec Info: 
(fontspec)             STIXTwoText-BoldItalic scale = 0.9999970539278506.


Package fontspec Info: 
(fontspec)             Font family 'STIXTwoText-Regular.otf(1)' created for
(fontspec)             font 'STIXTwoText-Regular.otf' with options
(fontspec)             [Scale=MatchLowercase,Renderer=Basic,BoldFont =
(fontspec)             STIXTwoText-Bold.otf,ItalicFont =
(fontspec)             STIXTwoText-Italic.otf,BoldItalicFont =
(fontspec)             STIXTwoText-BoldItalic.otf,FontFace =
(fontspec)             {sb}{n}{STIXTwoText-Semibold.otf},FontFace =
(fontspec)             {sb}{it}{STIXTwoText-SemiboldItalic.otf},FontFace =
(fontspec)             {m}{n}{STIXTwoText-Medium.otf},FontFace =
(fontspec)             {m}{it}{STIXTwoText-MediumItalic.otf}].
(fontspec)              
(fontspec)              This font family consists of the following NFSS
(fontspec)             series/shapes:
(fontspec)              
(fontspec)             - (sb/n) with NFSS spec.:
(fontspec)             <->s*[0.9999970539278506]"[STIXTwoText-Semibold.otf]:mod
e=base;script=latn;language=dflt;"
(fontspec)             -  (sb/sc) with NFSS spec.:
(fontspec)             <->s*[0.9999970539278506]"[STIXTwoText-Semibold.otf]:mod
e=base;script=latn;language=dflt;+smcp;"
(fontspec)             - (sb/it) with NFSS spec.:
(fontspec)             <->s*[1.004245574691049]"[STIXTwoText-SemiboldItalic.otf
]:mode=base;script=latn;language=dflt;"
(fontspec)             -  (sb/scit) with NFSS spec.:
(fontspec)             <->s*[1.004245574691049]"[STIXTwoText-SemiboldItalic.otf
]:mode=base;script=latn;language=dflt;+smcp;"
(fontspec)             - 'normal' (m/n) with NFSS spec.:
(fontspec)             <->s*[0.9999970539278506]"[STIXTwoText-Regular.otf]:mode
=base;script=latn;language=dflt;"
(fontspec)             - 'small caps'  (m/sc) with NFSS spec.:
(fontspec)             <->s*[0.9999970539278506]"[STIXTwoText-Regular.otf]:mode
=base;script=latn;language=dflt;+smcp;"
(fontspec)             - 'italic' (m/it) with NFSS spec.:
(fontspec)             <->s*[1.012845799677139]"[STIXTwoText-Italic.otf]:mode=b
ase;script=latn;language=dflt;"
(fontspec)             - 'italic small caps'  (m/scit) with NFSS spec.:
(fontspec)             <->s*[1.012845799677139]"[STIXTwoText-Italic.otf]:mode=b
ase;script=latn;language=dflt;+smcp;"
(fontspec)             - 'bold' (b/n) with NFSS spec.:
(fontspec)             <->s*[0.9999970539278506]"[STIXTwoText-Bold.otf]:mode=ba
se;script=latn;language=dflt;"
(fontspec)             - 'bold small caps'  (b/sc) with NFSS spec.:
(fontspec)             <->s*[0.9999970539278506]"[STIXTwoText-Bold.otf]:mode=ba
se;script=latn;language=dflt;+smcp;"
(fontspec)             - 'bold italic' (b/it) with NFSS spec.:
(fontspec)             <->s*[0.9999970539278506]"[STIXTwoText-BoldItalic.otf]:m
ode=base;script=latn;language=dflt;"
(fontspec)             - 'bold italic small caps'  (b/scit) with NFSS spec.:
(fontspec)             <->s*[0.9999970539278506]"[STIXTwoText-BoldItalic.otf]:m
ode=base;script=latn;language=dflt;+smcp;"

LaTeX Font Info:    Overwriting math alphabet `\mathrm' in version `normal'
(Font)                  OT1/lmr/m/n --> TU/STIXTwoText-Regular.otf(1)/m/n on in
put line 109.
LaTeX Font Info:    Overwriting math alphabet `\mathit' in version `normal'
(Font)                  OT1/lmr/m/it --> TU/STIXTwoText-Regular.otf(1)/m/it on 
input line 109.
LaTeX Font Info:    Overwriting math alphabet `\mathbf' in version `normal'
(Font)                  OT1/lmr/bx/n --> TU/STIXTwoText-Regular.otf(1)/b/n on i
nput line 109.
luaotfload | db : Reload initiated (formats: otf,ttf,ttc); reason: File not foun
d: "STIXTwoMath.otf".

! Package fontspec Error: 
(fontspec)                The font "STIXTwoMath" cannot be found; this may
(fontspec)                be but usually is not a fontspec bug. Either there
(fontspec)                is a typo in the font name/file, the font is not
(fontspec)                installed (correctly), or there is a bug in the
(fontspec)                underlying font loading engine (XeTeX/luaotfload).

For immediate help type H <return>.
 ...                                              
                                                  
l.113 
    

Here is how much of LuaTeX's memory you used:
 14537 strings out of 475512
 100000,1144653 words of node,token memory allocated
 461 words of node memory still in use:
   3 hlist, 1 rule, 1 dir, 3 kern, 1 glyph, 5 attribute, 61 glue_spec, 5 attribu
te_list, 1 write, 1 pdf_colorstack nodes
   avail lists: 1:1,2:17,3:3,5:9,7:29,9:2,11:3
 37384 multiletter control sequences out of 65536+600000
 33 fonts using 6925143 bytes
 108i,1n,116p,10899b,322s stack positions out of 10000i,1000n,20000p,200000b,200000s
!  ==> Fatal error occurred, no output PDF file produced!
