This is LuaTeX, Version 1.21.0 (MiKTeX 25.3) (format=dvilualatex 2025.3.28)  31 MAR 2025 22:16
 restricted system commands enabled.
**\makeatletter\def\HCode{\futurelet\HCode\HChar}\def\HChar{\ifx\HCode\def\HCod
e##1{\Link##1}\expandafter\HCode\else\expandafter\Link\fi}\def\Link#1.a.b.c.{\l
et\HCode\documentstyle\def\documentstyle{\let\documentstyle\HCode\expandafter\d
ef\csname tex4ht\endcsname{#1,html}\def\HCode####1{\documentstyle[tex4ht,}\@ifn
extchar[{\HCode}{\documentstyle[tex4ht]}}\RequirePackage[#1,html]{tex4ht}}\make
atother\HCode myconfig.cfg,svg,charset=utf-8,html5.a.b.c.\input \detokenize{fil
e.tex} > nul 2>&1
Lua module: luaotfload 2024-12-03 v3.29 Lua based OpenType font support
Lua module: lualibs 2023-07-13 v2.76 ConTeXt Lua standard libraries.
Lua module: lualibs-extended 2023-07-13 v2.76 ConTeXt Lua libraries -- extended collection.
luaotfload | conf : Root cache directory is "C:/Users/DELL/AppData/Local/MiKTeX/luatex-cache/generic/names".
luaotfload | init : Loading fontloader "fontloader-2023-12-28.lua" from kpse-resolved path "C:/Users/DELL/AppData/Local/Programs/MiKTeX/tex/luatex/luaotfload/fontloader-2023-12-28.lua".
Lua-only attribute luaotfload@noligature = 1
luaotfload | init : Context OpenType loader version 3.134
Inserting `luaotfload.node_processor' in `pre_linebreak_filter'.
Inserting `luaotfload.node_processor' in `hpack_filter'.
Inserting `luaotfload.glyph_stream' in `glyph_stream_provider'.
Inserting `luaotfload.define_font' in `define_font'.
Lua-only attribute luaotfload_color_attribute = 2
luaotfload | conf : Root cache directory is "C:/Users/DELL/AppData/Local/MiKTeX/luatex-cache/generic/names".
Lua-only attribute luaotfload.letterspace_done = 3
Inserting `luaotfload.aux.set_sscale_dimens' in `luaotfload.patch_font'.
Inserting `luaotfload.aux.set_font_index' in `luaotfload.patch_font'.
Inserting `luaotfload.aux.patch_cambria_domh' in `luaotfload.patch_font'.
Inserting `luaotfload.aux.fixup_fontdata' in `luaotfload.patch_font_unsafe'.
Inserting `luaotfload.aux.set_capheight' in `luaotfload.patch_font'.
Inserting `luaotfload.aux.set_xheight' in `luaotfload.patch_font'.
Inserting `luaotfload.rewrite_fontname' in `luaotfload.patch_font'.
Inserting `tracingstacklevels' in `input_level_string'.
(C:/Users/DELL/AppData/Local/Programs/MiKTeX/tex/generic/tex4ht/tex4ht.sty
version 2023-10-04-13:17
Package: tex4ht 
--------------------------------------
--- Note --- for _ at preamble, use the command line option `early_'
--------------------------------------
--------------------------------------
--- Note --- for ^ at preamble, use the command line option `early^'
--------------------------------------
\tmp:toks=\toks17
)
! I can't find file `file.tex'.
<*> ...tf-8,html5.a.b.c.\input \detokenize{file.tex} 
                                                  > nul 2>&1
(Press Enter to retry, or Control-Z to exit)
Please type another input file name
! Emergency stop.
<*> ...tf-8,html5.a.b.c.\input \detokenize{file.tex} 
                                                  > nul 2>&1
*** (job aborted, file error in nonstop mode)



Here is how much of LuaTeX's memory you used:
 222 strings out of 475501
 100000,552014 words of node,token memory allocated 301 words of node memory still in use:
   1 hlist, 1 dir, 3 kern, 1 glyph, 1 attribute, 39 glue_spec, 1 attribute_list 
nodes
   avail lists: 2:10,3:3,4:1
 23344 multiletter control sequences out of 65536+600000
 14 fonts using 591679 bytes
 27i,0n,36p,584b,17s stack positions out of 10000i,1000n,20000p,200000b,200000s
!  ==> Fatal error occurred, bad output DVI file produced!
No pages of output.

